c:\users\tylerp\documents\github\barnes-hutt final project\x64\debug\circle.obj
c:\users\tylerp\documents\github\barnes-hutt final project\x64\debug\circletest.obj
c:\users\tylerp\documents\github\barnes-hutt final project\x64\debug\failure.obj
c:\users\tylerp\documents\github\barnes-hutt final project\x64\debug\main.obj
c:\users\tylerp\documents\github\barnes-hutt final project\x64\debug\point.obj
c:\users\tylerp\documents\github\barnes-hutt final project\x64\debug\pointtest.obj
c:\users\tylerp\documents\github\barnes-hutt final project\x64\debug\rectangle.obj
c:\users\tylerp\documents\github\barnes-hutt final project\x64\debug\rectangletest.obj
c:\users\tylerp\documents\github\barnes-hutt final project\x64\debug\shapetest.obj
c:\users\tylerp\documents\github\barnes-hutt final project\x64\debug\test.obj
c:\users\tylerp\documents\github\barnes-hutt final project\x64\debug\testregistry.obj
c:\users\tylerp\documents\github\barnes-hutt final project\x64\debug\testresult.obj
c:\users\tylerp\documents\github\barnes-hutt final project\x64\debug\triangle.obj
c:\users\tylerp\documents\github\barnes-hutt final project\x64\debug\triangletest.obj
c:\users\tylerp\documents\github\barnes-hutt final project\x64\debug\wfailure.obj
c:\users\tylerp\documents\github\barnes-hutt final project\x64\debug\triangle.obj.enc
c:\users\tylerp\documents\github\barnes-hutt final project\x64\debug\assignment8.ilk
c:\users\tylerp\documents\github\barnes-hutt final project\x64\debug\vc143.idb
c:\users\tylerp\documents\github\barnes-hutt final project\x64\debug\assignment8.pdb
c:\users\tylerp\documents\github\barnes-hutt final project\x64\debug\vc143.pdb
